2017-04-06T20:01:08+00:00 INFO Queuing 3.0.0 - wc_update_300_webhooks
2017-04-06T20:01:08+00:00 INFO Queuing 3.0.0 - wc_update_300_grouped_products
2017-04-06T20:01:08+00:00 INFO Queuing 3.0.0 - wc_update_300_settings
2017-04-06T20:01:08+00:00 INFO Queuing 3.0.0 - wc_update_300_product_visibility
2017-04-06T20:01:08+00:00 INFO Queuing 3.0.0 - wc_update_300_db_version
2017-04-06T20:01:09+00:00 INFO Running wc_update_300_webhooks callback
2017-04-06T20:01:09+00:00 INFO Finished wc_update_300_webhooks callback
2017-04-06T20:01:09+00:00 INFO Running wc_update_300_grouped_products callback
2017-04-06T20:01:09+00:00 INFO Finished wc_update_300_grouped_products callback
2017-04-06T20:01:09+00:00 INFO Running wc_update_300_settings callback
2017-04-06T20:01:09+00:00 INFO Finished wc_update_300_settings callback
2017-04-06T20:01:09+00:00 INFO Running wc_update_300_product_visibility callback
2017-04-06T20:01:09+00:00 INFO Finished wc_update_300_product_visibility callback
2017-04-06T20:01:09+00:00 INFO Running wc_update_300_db_version callback
2017-04-06T20:01:09+00:00 INFO Finished wc_update_300_db_version callback
2017-04-06T20:01:09+00:00 INFO Data update complete
2017-04-09T14:21:30+00:00 INFO Queuing 3.0.0 - wc_update_300_webhooks
2017-04-09T14:21:30+00:00 INFO Queuing 3.0.0 - wc_update_300_grouped_products
2017-04-09T14:21:30+00:00 INFO Queuing 3.0.0 - wc_update_300_settings
2017-04-09T14:21:30+00:00 INFO Queuing 3.0.0 - wc_update_300_product_visibility
2017-04-09T14:21:30+00:00 INFO Queuing 3.0.0 - wc_update_300_db_version
2017-04-09T14:21:33+00:00 INFO Running wc_update_300_webhooks callback
2017-04-09T14:21:33+00:00 INFO Finished wc_update_300_webhooks callback
2017-04-09T14:21:33+00:00 INFO Running wc_update_300_grouped_products callback
2017-04-09T14:21:33+00:00 INFO Finished wc_update_300_grouped_products callback
2017-04-09T14:21:33+00:00 INFO Running wc_update_300_settings callback
2017-04-09T14:21:33+00:00 INFO Finished wc_update_300_settings callback
2017-04-09T14:21:33+00:00 INFO Running wc_update_300_product_visibility callback
2017-04-09T14:21:33+00:00 INFO Finished wc_update_300_product_visibility callback
2017-04-09T14:21:33+00:00 INFO Running wc_update_300_db_version callback
2017-04-09T14:21:34+00:00 INFO Finished wc_update_300_db_version callback
2017-04-09T14:21:34+00:00 INFO Data update complete
